                                 Started job on |	Jun 08 14:47:24
                             Started mapping on |	Jun 08 14:51:04
                                    Finished on |	Jun 08 16:36:16
       Mapping speed, Million of reads per hour |	33.97

                          Number of input reads |	59561175
                      Average input read length |	88
                                    UNIQUE READS:
                   Uniquely mapped reads number |	49316449
                        Uniquely mapped reads % |	82.80%
                          Average mapped length |	84.70
                       Number of splices: Total |	7950118
            Number of splices: Annotated (sjdb) |	7750720
                       Number of splices: GT/AG |	7853334
                       Number of splices: GC/AG |	69209
                       Number of splices: AT/AC |	10187
               Number of splices: Non-canonical |	17388
                      Mismatch rate per base, % |	1.06%
                         Deletion rate per base |	0.01%
                        Deletion average length |	1.31
                        Insertion rate per base |	0.02%
                       Insertion average length |	1.07
                             MULTI-MAPPING READS:
        Number of reads mapped to multiple loci |	4745606
             % of reads mapped to multiple loci |	7.97%
        Number of reads mapped to too many loci |	230259
             % of reads mapped to too many loci |	0.39%
                                  UNMAPPED READS:
  Number of reads unmapped: too many mismatches |	0
       % of reads unmapped: too many mismatches |	0.00%
            Number of reads unmapped: too short |	5256698
                 % of reads unmapped: too short |	8.83%
                Number of reads unmapped: other |	12163
                     % of reads unmapped: other |	0.02%
                                  CHIMERIC READS:
                       Number of chimeric reads |	0
                            % of chimeric reads |	0.00%
