                                 Started job on |	Jun 08 14:47:24
                             Started mapping on |	Jun 08 14:51:05
                                    Finished on |	Jun 08 16:42:59
       Mapping speed, Million of reads per hour |	36.87

                          Number of input reads |	68770087
                      Average input read length |	87
                                    UNIQUE READS:
                   Uniquely mapped reads number |	56986337
                        Uniquely mapped reads % |	82.87%
                          Average mapped length |	84.36
                       Number of splices: Total |	9963801
            Number of splices: Annotated (sjdb) |	9712974
                       Number of splices: GT/AG |	9844220
                       Number of splices: GC/AG |	86043
                       Number of splices: AT/AC |	12684
               Number of splices: Non-canonical |	20854
                      Mismatch rate per base, % |	1.06%
                         Deletion rate per base |	0.01%
                        Deletion average length |	1.31
                        Insertion rate per base |	0.02%
                       Insertion average length |	1.07
                             MULTI-MAPPING READS:
        Number of reads mapped to multiple loci |	5842345
             % of reads mapped to multiple loci |	8.50%
        Number of reads mapped to too many loci |	275581
             % of reads mapped to too many loci |	0.40%
                                  UNMAPPED READS:
  Number of reads unmapped: too many mismatches |	0
       % of reads unmapped: too many mismatches |	0.00%
            Number of reads unmapped: too short |	5651019
                 % of reads unmapped: too short |	8.22%
                Number of reads unmapped: other |	14805
                     % of reads unmapped: other |	0.02%
                                  CHIMERIC READS:
                       Number of chimeric reads |	0
                            % of chimeric reads |	0.00%
