                                 Started job on |	Jun 08 14:47:24
                             Started mapping on |	Jun 08 14:51:04
                                    Finished on |	Jun 08 16:40:00
       Mapping speed, Million of reads per hour |	34.76

                          Number of input reads |	63102227
                      Average input read length |	87
                                    UNIQUE READS:
                   Uniquely mapped reads number |	53520978
                        Uniquely mapped reads % |	84.82%
                          Average mapped length |	83.90
                       Number of splices: Total |	2498491
            Number of splices: Annotated (sjdb) |	2402437
                       Number of splices: GT/AG |	2465359
                       Number of splices: GC/AG |	22406
                       Number of splices: AT/AC |	3834
               Number of splices: Non-canonical |	6892
                      Mismatch rate per base, % |	1.14%
                         Deletion rate per base |	0.05%
                        Deletion average length |	1.61
                        Insertion rate per base |	0.02%
                       Insertion average length |	1.06
                             MULTI-MAPPING READS:
        Number of reads mapped to multiple loci |	3515680
             % of reads mapped to multiple loci |	5.57%
        Number of reads mapped to too many loci |	392386
             % of reads mapped to too many loci |	0.62%
                                  UNMAPPED READS:
  Number of reads unmapped: too many mismatches |	0
       % of reads unmapped: too many mismatches |	0.00%
            Number of reads unmapped: too short |	5640679
                 % of reads unmapped: too short |	8.94%
                Number of reads unmapped: other |	32504
                     % of reads unmapped: other |	0.05%
                                  CHIMERIC READS:
                       Number of chimeric reads |	0
                            % of chimeric reads |	0.00%
