                                 Started job on |	Jun 08 14:44:09
                             Started mapping on |	Jun 08 14:50:25
                                    Finished on |	Jun 08 15:57:08
       Mapping speed, Million of reads per hour |	29.63

                          Number of input reads |	32943115
                      Average input read length |	86
                                    UNIQUE READS:
                   Uniquely mapped reads number |	25788205
                        Uniquely mapped reads % |	78.28%
                          Average mapped length |	82.82
                       Number of splices: Total |	1923117
            Number of splices: Annotated (sjdb) |	1850012
                       Number of splices: GT/AG |	1895590
                       Number of splices: GC/AG |	17371
                       Number of splices: AT/AC |	2313
               Number of splices: Non-canonical |	7843
                      Mismatch rate per base, % |	1.17%
                         Deletion rate per base |	0.06%
                        Deletion average length |	1.66
                        Insertion rate per base |	0.02%
                       Insertion average length |	1.06
                             MULTI-MAPPING READS:
        Number of reads mapped to multiple loci |	2955068
             % of reads mapped to multiple loci |	8.97%
        Number of reads mapped to too many loci |	298547
             % of reads mapped to too many loci |	0.91%
                                  UNMAPPED READS:
  Number of reads unmapped: too many mismatches |	0
       % of reads unmapped: too many mismatches |	0.00%
            Number of reads unmapped: too short |	3888748
                 % of reads unmapped: too short |	11.80%
                Number of reads unmapped: other |	12547
                     % of reads unmapped: other |	0.04%
                                  CHIMERIC READS:
                       Number of chimeric reads |	0
                            % of chimeric reads |	0.00%
