                                 Started job on |	Jun 08 14:44:09
                             Started mapping on |	Jun 08 14:49:44
                                    Finished on |	Jun 08 15:52:10
       Mapping speed, Million of reads per hour |	34.12

                          Number of input reads |	35503019
                      Average input read length |	86
                                    UNIQUE READS:
                   Uniquely mapped reads number |	29022060
                        Uniquely mapped reads % |	81.75%
                          Average mapped length |	83.23
                       Number of splices: Total |	6510674
            Number of splices: Annotated (sjdb) |	6352134
                       Number of splices: GT/AG |	6429945
                       Number of splices: GC/AG |	58384
                       Number of splices: AT/AC |	7650
               Number of splices: Non-canonical |	14695
                      Mismatch rate per base, % |	1.01%
                         Deletion rate per base |	0.01%
                        Deletion average length |	1.28
                        Insertion rate per base |	0.02%
                       Insertion average length |	1.05
                             MULTI-MAPPING READS:
        Number of reads mapped to multiple loci |	3048519
             % of reads mapped to multiple loci |	8.59%
        Number of reads mapped to too many loci |	336920
             % of reads mapped to too many loci |	0.95%
                                  UNMAPPED READS:
  Number of reads unmapped: too many mismatches |	0
       % of reads unmapped: too many mismatches |	0.00%
            Number of reads unmapped: too short |	3092487
                 % of reads unmapped: too short |	8.71%
                Number of reads unmapped: other |	3033
                     % of reads unmapped: other |	0.01%
                                  CHIMERIC READS:
                       Number of chimeric reads |	0
                            % of chimeric reads |	0.00%
