                                 Started job on |	Jun 08 14:47:24
                             Started mapping on |	Jun 08 14:50:49
                                    Finished on |	Jun 08 16:21:49
       Mapping speed, Million of reads per hour |	39.45

                          Number of input reads |	59829888
                      Average input read length |	88
                                    UNIQUE READS:
                   Uniquely mapped reads number |	49083615
                        Uniquely mapped reads % |	82.04%
                          Average mapped length |	84.79
                       Number of splices: Total |	8114098
            Number of splices: Annotated (sjdb) |	7901305
                       Number of splices: GT/AG |	8014342
                       Number of splices: GC/AG |	71553
                       Number of splices: AT/AC |	10037
               Number of splices: Non-canonical |	18166
                      Mismatch rate per base, % |	1.03%
                         Deletion rate per base |	0.01%
                        Deletion average length |	1.25
                        Insertion rate per base |	0.02%
                       Insertion average length |	1.06
                             MULTI-MAPPING READS:
        Number of reads mapped to multiple loci |	5184824
             % of reads mapped to multiple loci |	8.67%
        Number of reads mapped to too many loci |	462798
             % of reads mapped to too many loci |	0.77%
                                  UNMAPPED READS:
  Number of reads unmapped: too many mismatches |	0
       % of reads unmapped: too many mismatches |	0.00%
            Number of reads unmapped: too short |	5080261
                 % of reads unmapped: too short |	8.49%
                Number of reads unmapped: other |	18390
                     % of reads unmapped: other |	0.03%
                                  CHIMERIC READS:
                       Number of chimeric reads |	0
                            % of chimeric reads |	0.00%
