                                 Started job on |	Jun 08 14:47:24
                             Started mapping on |	Jun 08 14:50:50
                                    Finished on |	Jun 08 15:31:35
       Mapping speed, Million of reads per hour |	35.26

                          Number of input reads |	23947164
                      Average input read length |	83
                                    UNIQUE READS:
                   Uniquely mapped reads number |	19119577
                        Uniquely mapped reads % |	79.84%
                          Average mapped length |	82.07
                       Number of splices: Total |	205446
            Number of splices: Annotated (sjdb) |	184123
                       Number of splices: GT/AG |	200682
                       Number of splices: GC/AG |	2794
                       Number of splices: AT/AC |	398
               Number of splices: Non-canonical |	1572
                      Mismatch rate per base, % |	1.10%
                         Deletion rate per base |	0.04%
                        Deletion average length |	1.48
                        Insertion rate per base |	0.01%
                       Insertion average length |	1.13
                             MULTI-MAPPING READS:
        Number of reads mapped to multiple loci |	1416984
             % of reads mapped to multiple loci |	5.92%
        Number of reads mapped to too many loci |	260045
             % of reads mapped to too many loci |	1.09%
                                  UNMAPPED READS:
  Number of reads unmapped: too many mismatches |	0
       % of reads unmapped: too many mismatches |	0.00%
            Number of reads unmapped: too short |	3099786
                 % of reads unmapped: too short |	12.94%
                Number of reads unmapped: other |	50772
                     % of reads unmapped: other |	0.21%
                                  CHIMERIC READS:
                       Number of chimeric reads |	0
                            % of chimeric reads |	0.00%
