                                 Started job on |	Jun 08 14:44:09
                             Started mapping on |	Jun 08 14:49:30
                                    Finished on |	Jun 08 16:01:05
       Mapping speed, Million of reads per hour |	34.13

                          Number of input reads |	40716870
                      Average input read length |	85
                                    UNIQUE READS:
                   Uniquely mapped reads number |	31130689
                        Uniquely mapped reads % |	76.46%
                          Average mapped length |	83.12
                       Number of splices: Total |	6515643
            Number of splices: Annotated (sjdb) |	6350100
                       Number of splices: GT/AG |	6437867
                       Number of splices: GC/AG |	54583
                       Number of splices: AT/AC |	6965
               Number of splices: Non-canonical |	16228
                      Mismatch rate per base, % |	1.05%
                         Deletion rate per base |	0.01%
                        Deletion average length |	1.29
                        Insertion rate per base |	0.02%
                       Insertion average length |	1.05
                             MULTI-MAPPING READS:
        Number of reads mapped to multiple loci |	4553982
             % of reads mapped to multiple loci |	11.18%
        Number of reads mapped to too many loci |	687382
             % of reads mapped to too many loci |	1.69%
                                  UNMAPPED READS:
  Number of reads unmapped: too many mismatches |	0
       % of reads unmapped: too many mismatches |	0.00%
            Number of reads unmapped: too short |	4337919
                 % of reads unmapped: too short |	10.65%
                Number of reads unmapped: other |	6898
                     % of reads unmapped: other |	0.02%
                                  CHIMERIC READS:
                       Number of chimeric reads |	0
                            % of chimeric reads |	0.00%
