                                 Started job on |	Jun 08 14:44:09
                             Started mapping on |	Jun 08 14:48:34
                                    Finished on |	Jun 08 15:49:16
       Mapping speed, Million of reads per hour |	34.52

                          Number of input reads |	34920085
                      Average input read length |	88
                                    UNIQUE READS:
                   Uniquely mapped reads number |	28406178
                        Uniquely mapped reads % |	81.35%
                          Average mapped length |	84.72
                       Number of splices: Total |	7033507
            Number of splices: Annotated (sjdb) |	6867504
                       Number of splices: GT/AG |	6952893
                       Number of splices: GC/AG |	56136
                       Number of splices: AT/AC |	7801
               Number of splices: Non-canonical |	16677
                      Mismatch rate per base, % |	1.02%
                         Deletion rate per base |	0.00%
                        Deletion average length |	1.28
                        Insertion rate per base |	0.02%
                       Insertion average length |	1.05
                             MULTI-MAPPING READS:
        Number of reads mapped to multiple loci |	3428434
             % of reads mapped to multiple loci |	9.82%
        Number of reads mapped to too many loci |	610559
             % of reads mapped to too many loci |	1.75%
                                  UNMAPPED READS:
  Number of reads unmapped: too many mismatches |	0
       % of reads unmapped: too many mismatches |	0.00%
            Number of reads unmapped: too short |	2471332
                 % of reads unmapped: too short |	7.08%
                Number of reads unmapped: other |	3582
                     % of reads unmapped: other |	0.01%
                                  CHIMERIC READS:
                       Number of chimeric reads |	0
                            % of chimeric reads |	0.00%
