                                 Started job on |	Jun 08 14:44:09
                             Started mapping on |	Jun 08 14:49:44
                                    Finished on |	Jun 08 15:45:29
       Mapping speed, Million of reads per hour |	36.31

                          Number of input reads |	33742518
                      Average input read length |	88
                                    UNIQUE READS:
                   Uniquely mapped reads number |	26729538
                        Uniquely mapped reads % |	79.22%
                          Average mapped length |	84.86
                       Number of splices: Total |	3159597
            Number of splices: Annotated (sjdb) |	3067845
                       Number of splices: GT/AG |	3121955
                       Number of splices: GC/AG |	25818
                       Number of splices: AT/AC |	3192
               Number of splices: Non-canonical |	8632
                      Mismatch rate per base, % |	1.06%
                         Deletion rate per base |	0.01%
                        Deletion average length |	1.31
                        Insertion rate per base |	0.02%
                       Insertion average length |	1.06
                             MULTI-MAPPING READS:
        Number of reads mapped to multiple loci |	3783616
             % of reads mapped to multiple loci |	11.21%
        Number of reads mapped to too many loci |	608298
             % of reads mapped to too many loci |	1.80%
                                  UNMAPPED READS:
  Number of reads unmapped: too many mismatches |	0
       % of reads unmapped: too many mismatches |	0.00%
            Number of reads unmapped: too short |	2613964
                 % of reads unmapped: too short |	7.75%
                Number of reads unmapped: other |	7102
                     % of reads unmapped: other |	0.02%
                                  CHIMERIC READS:
                       Number of chimeric reads |	0
                            % of chimeric reads |	0.00%
